2024-10-09 20:28:36 - Archivo ./noticias_filtradas_20241009_202836.json eliminado.
2024-10-09 20:28:36 - Script de archivo ejecutado con éxito. Código de salida: 0
2024-10-09 20:28:36 - Ejecutando script para archivar noticias filtradas...
2024-10-09 20:28:36 - No hay noticias nuevas para enviar.
2024-10-09 20:28:36 - El artículo 'Daniela Parada, aspirante a alcaldía de Independencia: "El candidato UDI dice amar su comuna, pero estigmatizó un barrio entero"' ya fue enviado. No se reenviará.
2024-10-09 20:28:36 - El artículo 'Shakira anuncia nueva fecha en Chile tras agotar entradas para primer concierto: revisa cuándo comienza la preventa' ya fue enviado. No se reenviará.
2024-10-09 20:28:36 - El artículo 'Diputada FA denunció a gobernador de La Araucanía por financiar eventos privados con platas públicas' ya fue enviado. No se reenviará.
2024-10-09 20:28:36 - El artículo 'Cómo votaron los diputados la AC contra Vivanco y Muñoz: mayoría del oficialismo rechazó o se abstuvo' ya fue enviado. No se reenviará.
2024-10-09 20:28:36 - 4 noticias encontradas. Filtrando noticias no enviadas...
2024-10-09 20:28:36 - Último archivo JSON encontrado: ./noticias_filtradas_20241009_202836.json
2024-10-09 20:28:36 - Archivo relevante encontrado: noticias_filtradas_20241009_202836.json
2024-10-09 20:28:36 - Buscando archivos JSON en el directorio: .
2024-10-09 20:28:36 - buscador2.py terminado con código de salida 0
2024-10-09 20:28:35 - Ejecutando buscador2.py...
2024-10-09 20:28:35 - rss3.py terminado con código de salida 0
2024-10-09 20:27:58 - Ejecutando rss3.py...

--- Nuevo ciclo ---
2024-10-09 20:27:58 - Iniciando ciclo de ejecución de Varys...
2024-10-09 20:22:58 - Archivo ./noticias_filtradas_20241009_202257.json eliminado.
2024-10-09 20:22:58 - Script de archivo ejecutado con éxito. Código de salida: 0
2024-10-09 20:22:58 - Ejecutando script para archivar noticias filtradas...
2024-10-09 20:22:58 - Noticias enviadas y guardadas.
2024-10-09 20:22:58 - El artículo 'Daniela Parada, aspirante a alcaldía de Independencia: "El candidato UDI dice amar su comuna, pero estigmatizó un barrio entero"' ya fue enviado. No se reenviará.
2024-10-09 20:22:58 - El artículo 'Shakira anuncia nueva fecha en Chile tras agotar entradas para primer concierto: revisa cuándo comienza la preventa' ya fue enviado. No se reenviará.
2024-10-09 20:22:58 - El artículo 'Diputada FA denunció a gobernador de La Araucanía por financiar eventos privados con platas públicas' ya fue enviado. No se reenviará.
2024-10-09 20:22:58 - Mensaje enviado a Telegram al usuario -4197811136 con éxito.
2024-10-09 20:22:57 - 4 noticias encontradas. Filtrando noticias no enviadas...
2024-10-09 20:22:57 - Último archivo JSON encontrado: ./noticias_filtradas_20241009_202257.json
2024-10-09 20:22:57 - Archivo relevante encontrado: noticias_filtradas_20241009_202257.json
2024-10-09 20:22:57 - Buscando archivos JSON en el directorio: .
2024-10-09 20:22:57 - buscador2.py terminado con código de salida 0
2024-10-09 20:22:57 - Ejecutando buscador2.py...
2024-10-09 20:22:57 - rss3.py terminado con código de salida 0
2024-10-09 20:22:26 - Ejecutando rss3.py...

--- Nuevo ciclo ---
2024-10-09 20:22:26 - Iniciando ciclo de ejecución de Varys...
2024-10-09 20:17:25 - Archivo ./noticias_filtradas_20241009_201725.json eliminado.
2024-10-09 20:17:25 - Script de archivo ejecutado con éxito. Código de salida: 0
2024-10-09 20:17:25 - Ejecutando script para archivar noticias filtradas...
2024-10-09 20:17:25 - No hay noticias nuevas para enviar.
2024-10-09 20:17:25 - El artículo 'Daniela Parada, aspirante a alcaldía de Independencia: "El candidato UDI dice amar su comuna, pero estigmatizó un barrio entero"' ya fue enviado. No se reenviará.
2024-10-09 20:17:25 - El artículo 'Shakira anuncia nueva fecha en Chile tras agotar entradas para primer concierto: revisa cuándo comienza la preventa' ya fue enviado. No se reenviará.
2024-10-09 20:17:25 - El artículo 'Diputada FA denunció a gobernador de La Araucanía por financiar eventos privados con platas públicas' ya fue enviado. No se reenviará.
2024-10-09 20:17:25 - 3 noticias encontradas. Filtrando noticias no enviadas...
2024-10-09 20:17:25 - Último archivo JSON encontrado: ./noticias_filtradas_20241009_201725.json
2024-10-09 20:17:25 - Archivo relevante encontrado: noticias_filtradas_20241009_201725.json
2024-10-09 20:17:25 - Buscando archivos JSON en el directorio: .
2024-10-09 20:17:25 - buscador2.py terminado con código de salida 0
2024-10-09 20:17:25 - Ejecutando buscador2.py...
2024-10-09 20:17:25 - rss3.py terminado con código de salida 0
2024-10-09 20:16:49 - Ejecutando rss3.py...

--- Nuevo ciclo ---
2024-10-09 20:16:49 - Iniciando ciclo de ejecución de Varys...
2024-10-09 20:11:49 - Archivo ./noticias_filtradas_20241009_201149.json eliminado.
2024-10-09 20:11:49 - Script de archivo ejecutado con éxito. Código de salida: 0
2024-10-09 20:11:49 - Ejecutando script para archivar noticias filtradas...
2024-10-09 20:11:49 - No hay noticias nuevas para enviar.
2024-10-09 20:11:49 - El artículo 'Daniela Parada, aspirante a alcaldía de Independencia: "El candidato UDI dice amar su comuna, pero estigmatizó un barrio entero"' ya fue enviado. No se reenviará.
2024-10-09 20:11:49 - El artículo 'Shakira anuncia nueva fecha en Chile tras agotar entradas para primer concierto: revisa cuándo comienza la preventa' ya fue enviado. No se reenviará.
2024-10-09 20:11:49 - El artículo 'Diputada FA denunció a gobernador de La Araucanía por financiar eventos privados con platas públicas' ya fue enviado. No se reenviará.
2024-10-09 20:11:49 - 3 noticias encontradas. Filtrando noticias no enviadas...
2024-10-09 20:11:49 - Último archivo JSON encontrado: ./noticias_filtradas_20241009_201149.json
2024-10-09 20:11:49 - Archivo relevante encontrado: noticias_filtradas_20241009_201149.json
2024-10-09 20:11:49 - Buscando archivos JSON en el directorio: .
2024-10-09 20:11:49 - buscador2.py terminado con código de salida 0
2024-10-09 20:11:49 - Ejecutando buscador2.py...
2024-10-09 20:11:49 - rss3.py terminado con código de salida 0
2024-10-09 20:09:19 - Ejecutando rss3.py...

--- Nuevo ciclo ---
2024-10-09 20:09:19 - Iniciando ciclo de ejecución de Varys...
2024-10-09 20:08:49 - Archivo ./noticias_filtradas_20241009_200846.json eliminado.
2024-10-09 20:08:49 - Script de archivo ejecutado con éxito. Código de salida: 0
2024-10-09 20:08:49 - Ejecutando script para archivar noticias filtradas...
2024-10-09 20:08:49 - Noticias enviadas y guardadas.
2024-10-09 20:08:49 - Mensaje enviado a Telegram al usuario -4197811136 con éxito.
2024-10-09 20:08:48 - Mensaje enviado a Telegram al usuario -4197811136 con éxito.
2024-10-09 20:08:47 - Mensaje enviado a Telegram al usuario -4197811136 con éxito.
2024-10-09 20:08:46 - 3 noticias encontradas. Filtrando noticias no enviadas...
2024-10-09 20:08:46 - Último archivo JSON encontrado: ./noticias_filtradas_20241009_200846.json
2024-10-09 20:08:46 - Archivo relevante encontrado: noticias_filtradas_20241009_200846.json
2024-10-09 20:08:46 - Buscando archivos JSON en el directorio: .
2024-10-09 20:08:46 - buscador2.py terminado con código de salida 0
2024-10-09 20:08:46 - Ejecutando buscador2.py...
2024-10-09 20:08:46 - rss3.py terminado con código de salida 0
2024-10-09 20:04:19 - Ejecutando rss3.py...

--- Nuevo ciclo ---
2024-10-09 20:04:19 - Iniciando ciclo de ejecución de Varys...

--- Nuevo ciclo ---
2024-10-09 20:04:19 - Iniciando el planificador...
2024-09-19 13:39:43 - Archivo .\noticias_filtradas_20240919_133942.json eliminado.
2024-09-19 13:39:43 - Script de archivo ejecutado con éxito. Código de salida: 0
2024-09-19 13:39:43 - Ejecutando script para archivar noticias filtradas...
2024-09-19 13:39:43 - Noticias enviadas y guardadas.
2024-09-19 13:39:43 - El artículo 'Hija de Eduardo Bonvallet dedica conmovedor mensaje a su padre: “Chile no te olvida “' ya fue enviado. No se reenviará.
2024-09-19 13:39:43 - El artículo '“Chile no te olvida”: Hija de Eduardo Bonvallet recuerda a su padre con sentido homenaje a nueve años de su muerte' ya fue enviado. No se reenviará.
2024-09-19 13:39:43 - Mensaje enviado a Telegram al usuario 186640618 con éxito.
2024-09-19 13:39:42 - 3 noticias encontradas. Filtrando noticias no enviadas...
2024-09-19 13:39:42 - Último archivo JSON encontrado: .\noticias_filtradas_20240919_133942.json
2024-09-19 13:39:42 - Archivo relevante encontrado: noticias_filtradas_20240919_133942.json
2024-09-19 13:39:42 - Buscando archivos JSON en el directorio: .
2024-09-19 13:39:42 - buscador2.py terminado con código de salida 0
2024-09-19 13:39:42 - Ejecutando buscador2.py...
2024-09-19 13:39:42 - rss3.py terminado con código de salida 0
2024-09-19 13:37:56 - Ejecutando rss3.py...

--- Nuevo ciclo ---
2024-09-19 13:37:56 - Iniciando ciclo de ejecución de Varys...

--- Nuevo ciclo ---
2024-09-19 13:37:56 - Iniciando el planificador...
2024-09-19 01:15:44 - Archivo .\noticias_filtradas_20240919_011543.json eliminado.
2024-09-19 01:15:44 - Script de archivo ejecutado con éxito. Código de salida: 0
2024-09-19 01:15:44 - Ejecutando script para archivar noticias filtradas...
2024-09-19 01:15:44 - No hay noticias nuevas para enviar.
2024-09-19 01:15:44 - El artículo 'Hija de Eduardo Bonvallet dedica conmovedor mensaje a su padre: “Chile no te olvida “' ya fue enviado. No se reenviará.
2024-09-19 01:15:44 - El artículo '“Chile no te olvida”: Hija de Eduardo Bonvallet recuerda a su padre con sentido homenaje a nueve años de su muerte' ya fue enviado. No se reenviará.
2024-09-19 01:15:44 - 2 noticias encontradas. Filtrando noticias no enviadas...
2024-09-19 01:15:44 - Último archivo JSON encontrado: .\noticias_filtradas_20240919_011543.json
2024-09-19 01:15:43 - Archivo relevante encontrado: noticias_filtradas_20240919_011543.json
2024-09-19 01:15:43 - Buscando archivos JSON en el directorio: .
2024-09-19 01:15:43 - buscador2.py terminado con código de salida 0
2024-09-19 01:15:43 - Ejecutando buscador2.py...
2024-09-19 01:15:43 - rss3.py terminado con código de salida 0
2024-09-19 01:13:23 - Ejecutando rss3.py...

--- Nuevo ciclo ---
2024-09-19 01:13:23 - Iniciando ciclo de ejecución de Varys...

--- Nuevo ciclo ---
2024-09-19 01:13:23 - Iniciando el planificador...
2024-09-18 20:28:11 - Archivo .\noticias_filtradas_20240918_202809.json eliminado.
2024-09-18 20:28:11 - Script de archivo ejecutado con éxito. Código de salida: 0
2024-09-18 20:28:11 - Ejecutando script para archivar noticias filtradas...
2024-09-18 20:28:11 - Noticias enviadas y guardadas.
2024-09-18 20:28:11 - Error al enviar mensaje: 400 - {"ok":false,"error_code":400,"description":"Bad Request: can't parse entities: Can't find end of the entity starting at byte offset 283"}
2024-09-18 20:28:11 - Mensaje enviado a Telegram al usuario -4197811136 con éxito.
2024-09-18 20:28:09 - 2 noticias encontradas. Filtrando noticias no enviadas...
2024-09-18 20:28:09 - Último archivo JSON encontrado: .\noticias_filtradas_20240918_202809.json
2024-09-18 20:28:09 - Archivo relevante encontrado: noticias_filtradas_20240918_202809.json
2024-09-18 20:28:09 - Buscando archivos JSON en el directorio: .
2024-09-18 20:28:09 - buscador2.py terminado con código de salida 0
2024-09-18 20:28:09 - Ejecutando buscador2.py...
2024-09-18 20:28:09 - rss3.py terminado con código de salida 0
2024-09-18 20:26:29 - Ejecutando rss3.py...

--- Nuevo ciclo ---
2024-09-18 20:26:29 - Iniciando ciclo de ejecución de Varys...

--- Nuevo ciclo ---
2024-09-18 20:26:29 - Iniciando el planificador...
2024-09-13 13:01:24 - Archivo .\noticias_filtradas_20240913_130115.json eliminado.
2024-09-13 13:01:24 - Script de archivo ejecutado con éxito. Código de salida: 0
2024-09-13 13:01:24 - Ejecutando script para archivar noticias filtradas...
2024-09-13 13:01:24 - Noticias enviadas y guardadas.
2024-09-13 13:01:24 - Mensaje enviado a Telegram al usuario -4197811136 con éxito.
2024-09-13 13:01:23 - Mensaje enviado a Telegram al usuario -4197811136 con éxito.
2024-09-13 13:01:19 - Mensaje enviado a Telegram al usuario -4197811136 con éxito.
2024-09-13 13:01:18 - Mensaje enviado a Telegram al usuario -4197811136 con éxito.
2024-09-13 13:01:17 - Mensaje enviado a Telegram al usuario -4197811136 con éxito.
2024-09-13 13:01:16 - Mensaje enviado a Telegram al usuario -4197811136 con éxito.
2024-09-13 13:01:16 - Mensaje enviado a Telegram al usuario -4197811136 con éxito.
2024-09-13 13:01:15 - 7 noticias encontradas. Filtrando noticias no enviadas...
2024-09-13 13:01:15 - Último archivo JSON encontrado: .\noticias_filtradas_20240913_130115.json
2024-09-13 13:01:15 - Archivo relevante encontrado: noticias_filtradas_20240913_130115.json
2024-09-13 13:01:15 - Buscando archivos JSON en el directorio: .
2024-09-13 13:01:15 - buscador2.py terminado con código de salida 0
2024-09-13 13:01:14 - Ejecutando buscador2.py...
2024-09-13 13:01:14 - rss3.py terminado con código de salida 0
2024-09-13 12:59:45 - Ejecutando rss3.py...

--- Nuevo ciclo ---
2024-09-13 12:59:45 - Iniciando ciclo de ejecución de Varys...

--- Nuevo ciclo ---
2024-09-13 12:59:45 - Iniciando el planificador...
2024-09-12 01:42:35 - Archivo .\noticias_filtradas_20240912_014235.json eliminado.
2024-09-12 01:42:35 - Script de archivo ejecutado con éxito. Código de salida: 0
2024-09-12 01:42:35 - Ejecutando script para archivar noticias filtradas...
2024-09-12 01:42:35 - No hay noticias nuevas para enviar.
2024-09-12 01:42:35 - El artículo 'En tensa sesión, diputados oficialistas acusan a Chadwick de ser parte de la “red de corrupción” de Hermosilla' ya fue enviado. No se reenviará.
2024-09-12 01:42:35 - El artículo 'Balean a trabajador en barbería de Ñuñoa: sujeto encapuchado robó gargantilla de oro y huyó' ya fue enviado. No se reenviará.
2024-09-12 01:42:35 - El artículo 'Tiroteo en barbería deja un herido a bala en Ñuñoa: encapuchado armado se llevó una gargantilla de oro' ya fue enviado. No se reenviará.
2024-09-12 01:42:35 - El artículo 'Frente Amplio pide levantamiento total del secreto del Informe Valech' ya fue enviado. No se reenviará.
2024-09-12 01:42:35 - 4 noticias encontradas. Filtrando noticias no enviadas...
2024-09-12 01:42:35 - Último archivo JSON encontrado: .\noticias_filtradas_20240912_014235.json
2024-09-12 01:42:35 - Archivo relevante encontrado: noticias_filtradas_20240912_014235.json
2024-09-12 01:42:35 - Buscando archivos JSON en el directorio: .
2024-09-12 01:42:35 - buscador2.py terminado con código de salida 0
2024-09-12 01:42:34 - Ejecutando buscador2.py...
2024-09-12 01:42:34 - Ejecutando rss3.py...

--- Nuevo ciclo ---
2024-09-12 01:42:34 - Iniciando ciclo de ejecución de Varys...
2024-09-12 01:37:34 - Archivo .\noticias_filtradas_20240912_013734.json eliminado.
2024-09-12 01:37:34 - Script de archivo ejecutado con éxito. Código de salida: 0
2024-09-12 01:37:34 - Ejecutando script para archivar noticias filtradas...
2024-09-12 01:37:34 - No hay noticias nuevas para enviar.
2024-09-12 01:37:34 - El artículo 'En tensa sesión, diputados oficialistas acusan a Chadwick de ser parte de la “red de corrupción” de Hermosilla' ya fue enviado. No se reenviará.
2024-09-12 01:37:34 - El artículo 'Balean a trabajador en barbería de Ñuñoa: sujeto encapuchado robó gargantilla de oro y huyó' ya fue enviado. No se reenviará.
2024-09-12 01:37:34 - El artículo 'Tiroteo en barbería deja un herido a bala en Ñuñoa: encapuchado armado se llevó una gargantilla de oro' ya fue enviado. No se reenviará.
2024-09-12 01:37:34 - El artículo 'Frente Amplio pide levantamiento total del secreto del Informe Valech' ya fue enviado. No se reenviará.
2024-09-12 01:37:34 - 4 noticias encontradas. Filtrando noticias no enviadas...
2024-09-12 01:37:34 - Último archivo JSON encontrado: .\noticias_filtradas_20240912_013734.json
2024-09-12 01:37:34 - Archivo relevante encontrado: noticias_filtradas_20240912_013734.json
2024-09-12 01:37:34 - Buscando archivos JSON en el directorio: .
2024-09-12 01:37:34 - buscador2.py terminado con código de salida 0
2024-09-12 01:37:34 - Ejecutando buscador2.py...
2024-09-12 01:37:34 - Ejecutando rss3.py...

--- Nuevo ciclo ---
2024-09-12 01:37:34 - Iniciando ciclo de ejecución de Varys...
2024-09-12 01:32:55 - Archivo .\noticias_filtradas_20240912_013233.json eliminado.
2024-09-12 01:32:55 - Script de archivo ejecutado con éxito. Código de salida: 0
2024-09-12 01:32:54 - Ejecutando script para archivar noticias filtradas...
2024-09-12 01:32:54 - Noticias enviadas y guardadas.
2024-09-12 01:32:54 - Mensaje enviado a Telegram al usuario 186640618 con éxito.
2024-09-12 01:32:54 - Mensaje enviado a Telegram al usuario 186640618 con éxito.
2024-09-12 01:32:53 - Mensaje enviado a Telegram al usuario 186640618 con éxito.
2024-09-12 01:32:52 - Mensaje enviado a Telegram al usuario -4197811136 con éxito.
2024-09-12 01:32:51 - Mensaje enviado a Telegram al usuario 186640618 con éxito.
2024-09-12 01:32:50 - Mensaje enviado a Telegram al usuario -4197811136 con éxito.
2024-09-12 01:32:49 - Mensaje enviado a Telegram al usuario 186640618 con éxito.
2024-09-12 01:32:49 - Mensaje enviado a Telegram al usuario -4197811136 con éxito.
2024-09-12 01:32:48 - Mensaje enviado a Telegram al usuario 186640618 con éxito.
2024-09-12 01:32:47 - Mensaje enviado a Telegram al usuario 186640618 con éxito.
2024-09-12 01:32:46 - Mensaje enviado a Telegram al usuario 186640618 con éxito.
2024-09-12 01:32:45 - Mensaje enviado a Telegram al usuario 186640618 con éxito.
2024-09-12 01:32:44 - Mensaje enviado a Telegram al usuario 186640618 con éxito.
2024-09-12 01:32:43 - Mensaje enviado a Telegram al usuario 186640618 con éxito.
2024-09-12 01:32:43 - Mensaje enviado a Telegram al usuario 186640618 con éxito.
2024-09-12 01:32:42 - Mensaje enviado a Telegram al usuario 186640618 con éxito.
2024-09-12 01:32:41 - Mensaje enviado a Telegram al usuario 186640618 con éxito.
2024-09-12 01:32:40 - Mensaje enviado a Telegram al usuario 186640618 con éxito.
2024-09-12 01:32:39 - Mensaje enviado a Telegram al usuario 186640618 con éxito.
2024-09-12 01:32:38 - Mensaje enviado a Telegram al usuario 186640618 con éxito.
2024-09-12 01:32:38 - Mensaje enviado a Telegram al usuario -4197811136 con éxito.
2024-09-12 01:32:37 - Mensaje enviado a Telegram al usuario 186640618 con éxito.
2024-09-12 01:32:36 - Mensaje enviado a Telegram al usuario 186640618 con éxito.
2024-09-12 01:32:35 - Mensaje enviado a Telegram al usuario 186640618 con éxito.
2024-09-12 01:32:34 - Mensaje enviado a Telegram al usuario 186640618 con éxito.
2024-09-12 01:32:33 - El artículo 'Gobierno de Sánchez ignorará el reconocimiento del opositor venezolano González por parte del Congreso español' ya fue enviado. No se reenviará.
2024-09-12 01:32:33 - El artículo 'La creciente molestia de La Moneda con Orrego por el “no” del gobernador a la cárcel en Santiago' ya fue enviado. No se reenviará.
2024-09-12 01:32:33 - 26 noticias encontradas. Filtrando noticias no enviadas...
2024-09-12 01:32:33 - Último archivo JSON encontrado: .\noticias_filtradas_20240912_013233.json
2024-09-12 01:32:33 - Archivo relevante encontrado: noticias_filtradas_20240912_013233.json
2024-09-12 01:32:33 - Buscando archivos JSON en el directorio: .
2024-09-12 01:32:33 - buscador2.py terminado con código de salida 0
2024-09-12 01:32:33 - Ejecutando buscador2.py...
2024-09-12 01:32:33 - Ejecutando rss3.py...

--- Nuevo ciclo ---
2024-09-12 01:32:33 - Iniciando ciclo de ejecución de Varys...

--- Nuevo ciclo ---
2024-09-12 01:32:33 - Iniciando el planificador...
2024-09-11 15:52:02 - Archivo .\noticias_filtradas_20240911_155202.json eliminado.
2024-09-11 15:52:02 - Script de archivo ejecutado con éxito. Código de salida: 0
2024-09-11 15:52:02 - Ejecutando script para archivar noticias filtradas...
2024-09-11 15:52:02 - No hay noticias nuevas para enviar.
2024-09-11 15:52:02 - El artículo 'Gobierno de Sánchez ignorará el reconocimiento del opositor venezolano González por parte del Congreso español' ya fue enviado. No se reenviará.
2024-09-11 15:52:02 - El artículo 'La creciente molestia de La Moneda con Orrego por el “no” del gobernador a la cárcel en Santiago' ya fue enviado. No se reenviará.
2024-09-11 15:52:02 - 2 noticias encontradas. Filtrando noticias no enviadas...
2024-09-11 15:52:02 - Último archivo JSON encontrado: .\noticias_filtradas_20240911_155202.json
2024-09-11 15:52:02 - Archivo relevante encontrado: noticias_filtradas_20240911_155202.json
2024-09-11 15:52:02 - Buscando archivos JSON en el directorio: .
2024-09-11 15:52:02 - buscador2.py terminado con código de salida 0
2024-09-11 15:52:02 - Ejecutando buscador2.py...
2024-09-11 15:52:02 - Ejecutando rss3.py...

--- Nuevo ciclo ---
2024-09-11 15:52:02 - Iniciando ciclo de ejecución de Varys...
2024-09-11 15:47:02 - Archivo .\noticias_filtradas_20240911_154702.json eliminado.
2024-09-11 15:47:02 - Script de archivo ejecutado con éxito. Código de salida: 0
2024-09-11 15:47:02 - Ejecutando script para archivar noticias filtradas...
2024-09-11 15:47:02 - No hay noticias nuevas para enviar.
2024-09-11 15:47:02 - El artículo 'Gobierno de Sánchez ignorará el reconocimiento del opositor venezolano González por parte del Congreso español' ya fue enviado. No se reenviará.
2024-09-11 15:47:02 - El artículo 'La creciente molestia de La Moneda con Orrego por el “no” del gobernador a la cárcel en Santiago' ya fue enviado. No se reenviará.
2024-09-11 15:47:02 - 2 noticias encontradas. Filtrando noticias no enviadas...
2024-09-11 15:47:02 - Último archivo JSON encontrado: .\noticias_filtradas_20240911_154702.json
2024-09-11 15:47:02 - Archivo relevante encontrado: noticias_filtradas_20240911_154702.json
2024-09-11 15:47:02 - Buscando archivos JSON en el directorio: .
2024-09-11 15:47:02 - buscador2.py terminado con código de salida 0
2024-09-11 15:47:02 - Ejecutando buscador2.py...
2024-09-11 15:47:02 - Ejecutando rss3.py...

--- Nuevo ciclo ---
2024-09-11 15:47:02 - Iniciando ciclo de ejecución de Varys...
2024-09-11 15:42:01 - Archivo .\noticias_filtradas_20240911_154201.json eliminado.
2024-09-11 15:42:01 - Script de archivo ejecutado con éxito. Código de salida: 0
2024-09-11 15:42:01 - Ejecutando script para archivar noticias filtradas...
2024-09-11 15:42:01 - No hay noticias nuevas para enviar.
2024-09-11 15:42:01 - El artículo 'Gobierno de Sánchez ignorará el reconocimiento del opositor venezolano González por parte del Congreso español' ya fue enviado. No se reenviará.
2024-09-11 15:42:01 - El artículo 'La creciente molestia de La Moneda con Orrego por el “no” del gobernador a la cárcel en Santiago' ya fue enviado. No se reenviará.
2024-09-11 15:42:01 - 2 noticias encontradas. Filtrando noticias no enviadas...
2024-09-11 15:42:01 - Último archivo JSON encontrado: .\noticias_filtradas_20240911_154201.json
2024-09-11 15:42:01 - Archivo relevante encontrado: noticias_filtradas_20240911_154201.json
2024-09-11 15:42:01 - Buscando archivos JSON en el directorio: .
2024-09-11 15:42:01 - buscador2.py terminado con código de salida 0
2024-09-11 15:42:01 - Ejecutando buscador2.py...
2024-09-11 15:42:01 - Ejecutando rss3.py...

--- Nuevo ciclo ---
2024-09-11 15:42:01 - Iniciando ciclo de ejecución de Varys...
2024-09-11 15:37:01 - Archivo .\noticias_filtradas_20240911_153701.json eliminado.
2024-09-11 15:37:01 - Script de archivo ejecutado con éxito. Código de salida: 0
2024-09-11 15:37:01 - Ejecutando script para archivar noticias filtradas...
2024-09-11 15:37:01 - No hay noticias nuevas para enviar.
2024-09-11 15:37:01 - El artículo 'Gobierno de Sánchez ignorará el reconocimiento del opositor venezolano González por parte del Congreso español' ya fue enviado. No se reenviará.
2024-09-11 15:37:01 - El artículo 'La creciente molestia de La Moneda con Orrego por el “no” del gobernador a la cárcel en Santiago' ya fue enviado. No se reenviará.
2024-09-11 15:37:01 - 2 noticias encontradas. Filtrando noticias no enviadas...
2024-09-11 15:37:01 - Último archivo JSON encontrado: .\noticias_filtradas_20240911_153701.json
2024-09-11 15:37:01 - Archivo relevante encontrado: noticias_filtradas_20240911_153701.json
2024-09-11 15:37:01 - Buscando archivos JSON en el directorio: .
2024-09-11 15:37:01 - buscador2.py terminado con código de salida 0
2024-09-11 15:37:01 - Ejecutando buscador2.py...
2024-09-11 15:37:01 - Ejecutando rss3.py...

--- Nuevo ciclo ---
2024-09-11 15:37:01 - Iniciando ciclo de ejecución de Varys...
2024-09-11 15:32:00 - Archivo .\noticias_filtradas_20240911_153200.json eliminado.
2024-09-11 15:32:00 - Script de archivo ejecutado con éxito. Código de salida: 0
2024-09-11 15:32:00 - Ejecutando script para archivar noticias filtradas...
2024-09-11 15:32:00 - No hay noticias nuevas para enviar.
2024-09-11 15:32:00 - El artículo 'Gobierno de Sánchez ignorará el reconocimiento del opositor venezolano González por parte del Congreso español' ya fue enviado. No se reenviará.
2024-09-11 15:32:00 - El artículo 'La creciente molestia de La Moneda con Orrego por el “no” del gobernador a la cárcel en Santiago' ya fue enviado. No se reenviará.
2024-09-11 15:32:00 - 2 noticias encontradas. Filtrando noticias no enviadas...
2024-09-11 15:32:00 - Último archivo JSON encontrado: .\noticias_filtradas_20240911_153200.json
2024-09-11 15:32:00 - Archivo relevante encontrado: noticias_filtradas_20240911_153200.json
2024-09-11 15:32:00 - Buscando archivos JSON en el directorio: .
2024-09-11 15:32:00 - buscador2.py terminado con código de salida 0
2024-09-11 15:32:00 - Ejecutando buscador2.py...
2024-09-11 15:32:00 - Ejecutando rss3.py...

--- Nuevo ciclo ---
2024-09-11 15:32:00 - Iniciando ciclo de ejecución de Varys...

--- Nuevo ciclo ---
2024-09-11 15:32:00 - Iniciando el planificador...
2024-09-11 15:31:35 - Archivo .\noticias_filtradas_20240911_153135.json eliminado.
2024-09-11 15:31:35 - Script de archivo ejecutado con éxito. Código de salida: 0
2024-09-11 15:31:35 - Ejecutando script para archivar noticias filtradas...
2024-09-11 15:31:35 - No hay noticias nuevas para enviar.
2024-09-11 15:31:35 - El artículo 'Gobierno de Sánchez ignorará el reconocimiento del opositor venezolano González por parte del Congreso español' ya fue enviado. No se reenviará.
2024-09-11 15:31:35 - El artículo 'La creciente molestia de La Moneda con Orrego por el “no” del gobernador a la cárcel en Santiago' ya fue enviado. No se reenviará.
2024-09-11 15:31:35 - 2 noticias encontradas. Filtrando noticias no enviadas...
2024-09-11 15:31:35 - Último archivo JSON encontrado: .\noticias_filtradas_20240911_153135.json
2024-09-11 15:31:35 - Archivo relevante encontrado: noticias_filtradas_20240911_153135.json
2024-09-11 15:31:35 - Buscando archivos JSON en el directorio: .
2024-09-11 15:31:35 - buscador2.py terminado con código de salida 0
2024-09-11 15:31:35 - Ejecutando buscador2.py...
2024-09-11 15:31:35 - Ejecutando rss3.py...

--- Nuevo ciclo ---
2024-09-11 15:31:35 - Iniciando ciclo de ejecución de Varys...

--- Nuevo ciclo ---
2024-09-11 15:31:35 - Iniciando el planificador...
